1648645389455	geckodriver	INFO	Listening on 127.0.0.1:54747
1648645392541	mozrunner::runner	INFO	Running command: "C:\\Program Files\\Mozilla Firefox\\firefox.exe" "--marionette" "--remote-debugging-port" "54748" "-no-remote" "-profile" "C:\\Users\\sandr\\AppData\\Local\\Temp\\rust_mozprofile91c0az"
1648645393539	Marionette	INFO	Marionette enabled
console.warn: SearchSettings: "get: No settings file exists, new profile?" (new NotFoundError("Could not open the file at C:\\Users\\sandr\\AppData\\Local\\Temp\\rust_mozprofile91c0az\\search.json.mozlz4", (void 0)))
DevTools listening on ws://localhost:54748/devtools/browser/ce611e1c-5526-43a7-b632-ae054690c6d3
1648645397578	Marionette	INFO	Listening on port 64663
1648645397889	Marionette	INFO	Stopped listening on port 64663
1648645397951	RemoteAgent	WARN	TLS certificate errors will be ignored for this session
1648645427198	geckodriver	INFO	Listening on 127.0.0.1:61543
1648645430229	mozrunner::runner	INFO	Running command: "C:\\Program Files\\Mozilla Firefox\\firefox.exe" "--marionette" "--remote-debugging-port" "61544" "-no-remote" "-profile" "C:\\Users\\sandr\\AppData\\Local\\Temp\\rust_mozprofileOxrWch"
1648645431028	Marionette	INFO	Marionette enabled
console.warn: SearchSettings: "get: No settings file exists, new profile?" (new NotFoundError("Could not open the file at C:\\Users\\sandr\\AppData\\Local\\Temp\\rust_mozprofileOxrWch\\search.json.mozlz4", (void 0)))
DevTools listening on ws://localhost:61544/devtools/browser/caa8c1c2-8888-4977-9016-68a23764a25c
1648645434824	Marionette	INFO	Listening on port 61551
1648645434984	RemoteAgent	WARN	TLS certificate errors will be ignored for this session
console.error: Region.jsm: "Error fetching region" (new Error("TIMEOUT", "resource://gre/modules/Region.jsm", 772))
console.error: Region.jsm: "Failed to fetch region" (new Error("TIMEOUT", "resource://gre/modules/Region.jsm", 419))
1648645463465	Marionette	INFO	Stopped listening on port 61551
console.warn: TopSitesFeed: Failed to fetch data from Contile server: NetworkError when attempting to fetch resource.

###!!! [Parent][PGPUParent] Error: RunMessage(msgname=PGPU::Msg_ShutdownVR) Channel closing: too late to send/recv, messages will be lost

